PLINK v1.90b7.1 64-bit (18 Oct 2023)
Options in effect:
  --bfile ADAPTmap_genotypeTOP_20160222_full
  --chr-set 29
  --geno 0.1
  --maf 0.05
  --make-bed
  --mind 0.1
  --out afterQC

Hostname: d54908
Working directory: /Users/au645298/Desktop/pca_goat_data_et
Start time: Tue Oct 31 10:00:11 2023

Random number seed: 1698742811
16384 MB RAM detected; reserving 8192 MB for main workspace.
53347 variants loaded from .bim file.
4653 samples (32 males, 158 females, 4463 ambiguous) loaded from .fam.
Ambiguous sex IDs written to afterQC.nosex .
125 samples removed due to missing genotype data (--mind).
IDs written to afterQC.irem .
Using 1 thread (no multithreaded calculations invoked).
Before main variant filters, 4528 founders and 0 nonfounders present.
Calculating allele frequencies... done.
Warning: 191 het. haploid genotypes present (see afterQC.hh ); many commands
treat these as missing.
Total genotyping rate in remaining samples is 0.976765.
1998 variants removed due to missing genotype data (--geno).
84 variants removed due to minor allele threshold(s)
(--maf/--max-maf/--mac/--max-mac).
51265 variants and 4528 samples pass filters and QC.
Note: No phenotypes present.
--make-bed to afterQC.bed + afterQC.bim + afterQC.fam ... done.

End time: Tue Oct 31 10:00:11 2023
